<?xml version="1.0" encoding="UTF-8"?>
<robot generator="Robot 3.2.2 (Python 3.8.6 on win32)" generated="20201030 00:16:35.469" rpa="false">
<suite id="s1" name="TC012 1" source="C:\Users\YT\PycharmProjects\Automation1\TestCases\TC012_1.robot">
<test id="s1-t1" name="TC_011">
<kw name="Set Selenium Timeout" library="SeleniumLibrary">
<doc>Sets the timeout that is used by various keywords.</doc>
<arguments>
<arg>3 seconds</arg>
</arguments>
<status status="PASS" starttime="20201030 00:16:35.668" endtime="20201030 00:16:35.668"></status>
</kw>
<kw name="Open Browser" library="SeleniumLibrary">
<doc>Opens a new browser instance to the optional ``url``.</doc>
<arguments>
<arg>${URL}</arg>
<arg>${Browser}</arg>
</arguments>
<msg timestamp="20201030 00:16:35.669" level="INFO">Opening browser 'firefox' to base url 'http://www.thetestingworld.com/testings'.</msg>
<msg timestamp="20201030 00:16:35.672" level="INFO">Firefox driver log is always forced to to: C:\Users\YT\PycharmProjects\Automation1\TestCases\geckodriver-3.log</msg>
<status status="PASS" starttime="20201030 00:16:35.669" endtime="20201030 00:16:43.970"></status>
</kw>
<kw name="Maximize Browser Window" library="SeleniumLibrary">
<doc>Maximizes current browser window.</doc>
<status status="PASS" starttime="20201030 00:16:43.971" endtime="20201030 00:16:43.975"></status>
</kw>
<kw name="Element Text Should Be" library="SeleniumLibrary">
<doc>Verifies that element ``locator`` contains exact the text ``expected``.</doc>
<arguments>
<arg>xpath://div[@id='tab-content1']/p</arg>
<arg>Register now and kick start your career as a Software Testing Pro!</arg>
</arguments>
<msg timestamp="20201030 00:16:43.976" level="INFO">Verifying element 'xpath://div[@id='tab-content1']/p' contains exact text 'Register now and kick start your career as a Software Testing Pro!'.</msg>
<status status="PASS" starttime="20201030 00:16:43.976" endtime="20201030 00:16:44.016"></status>
</kw>
<kw name="Element Should Contain" library="SeleniumLibrary">
<doc>Verifies that element ``locator`` contains text ``expected``.</doc>
<arguments>
<arg>xpath://div[@id='tab-content1']/p</arg>
<arg>Software Testing Pro!</arg>
</arguments>
<msg timestamp="20201030 00:16:44.029" level="INFO">Element 'xpath://div[@id='tab-content1']/p' contains text 'Software Testing Pro!'.</msg>
<status status="PASS" starttime="20201030 00:16:44.017" endtime="20201030 00:16:44.030"></status>
</kw>
<kw name="Input Text" library="SeleniumLibrary">
<doc>Types the given ``text`` into the text field identified by ``locator``.</doc>
<arguments>
<arg>name:fld_username</arg>
<arg>hello</arg>
</arguments>
<msg timestamp="20201030 00:16:44.030" level="INFO">Typing text 'hello' into text field 'name:fld_username'.</msg>
<status status="PASS" starttime="20201030 00:16:44.030" endtime="20201030 00:16:44.063"></status>
</kw>
<kw name="Title Should Be" library="SeleniumLibrary">
<doc>Verifies that the current page title equals ``title``.</doc>
<arguments>
<arg>Login &amp; Sign Up Forms</arg>
</arguments>
<msg timestamp="20201030 00:16:44.077" level="INFO">Page title is 'Login &amp; Sign Up Forms'.</msg>
<status status="PASS" starttime="20201030 00:16:44.064" endtime="20201030 00:16:44.078"></status>
</kw>
<kw name="Element Should Be Enabled" library="SeleniumLibrary">
<doc>Verifies that element identified by ``locator`` is enabled.</doc>
<arguments>
<arg>name:fld_username</arg>
</arguments>
<status status="PASS" starttime="20201030 00:16:44.078" endtime="20201030 00:16:44.099"></status>
</kw>
<kw name="Element Should Be Visible" library="SeleniumLibrary">
<doc>Verifies that the element identified by ``locator`` is visible.</doc>
<arguments>
<arg>name:fld_username</arg>
</arguments>
<msg timestamp="20201030 00:16:44.123" level="INFO">Element 'name:fld_username' is displayed.</msg>
<status status="PASS" starttime="20201030 00:16:44.099" endtime="20201030 00:16:44.124"></status>
</kw>
<kw name="Sleep" library="BuiltIn">
<doc>Pauses the test executed for the given time.</doc>
<arguments>
<arg>2 seconds</arg>
</arguments>
<msg timestamp="20201030 00:16:46.125" level="INFO">Slept 2 seconds</msg>
<status status="PASS" starttime="20201030 00:16:44.125" endtime="20201030 00:16:46.125"></status>
</kw>
<kw name="Close All Browsers" library="SeleniumLibrary">
<doc>Closes all open browsers and resets the browser cache.</doc>
<status status="PASS" starttime="20201030 00:16:46.125" endtime="20201030 00:16:46.813"></status>
</kw>
<status status="PASS" starttime="20201030 00:16:35.667" endtime="20201030 00:16:46.814" critical="yes"></status>
</test>
<status status="PASS" starttime="20201030 00:16:35.471" endtime="20201030 00:16:46.815"></status>
</suite>
<statistics>
<total>
<stat pass="1" fail="0">Critical Tests</stat>
<stat pass="1" fail="0">All Tests</stat>
</total>
<tag>
</tag>
<suite>
<stat pass="1" fail="0" id="s1" name="TC012 1">TC012 1</stat>
</suite>
</statistics>
<errors>
</errors>
</robot>
